This is e-pTeX, Version 3.14159265-p3.8.3-191112-2.6 (utf8.sjis) (TeX Live 2020/W32TeX) (preloaded format=platex 2020.4.15)  25 JAN 2021 11:35
entering extended mode
 restricted \write18 enabled.
 %&-line parsing enabled.
**section4.tex
(./section4.tex
pLaTeX2e <2020-04-12> (based on LaTeX2e <2020-02-02> patch level 5)
L3 programming layer <2020-04-06>
! Undefined control sequence.
l.3 \section
            {調査ターゲット(準備)}
? 
! Emergency stop.
l.3 \section
            {調査ターゲット(準備)}
End of file on the terminal!

 
Here is how much of TeX's memory you used:
 16 strings out of 481118
 311 string characters out of 5920166
 239416 words of memory out of 5000000
 16179 multiletter control sequences out of 15000+600000
 536209 words of font info for 41 fonts, out of 8000000 for 9000
 929 hyphenation exceptions out of 8191
 13i,0n,15p,52b,10s stack positions out of 5000i,500n,10000p,200000b,80000s
No pages of output.
